PID 8056 received SIGSEGV for address: 0xb693fbe6
SymInit: Symbol-SearchPath: '.;D:\_Projects_Node\GW2EmoteWheel;D:\_Projects_Node\GW2EmoteWheel\node_modules\electron\dist;C:\Windows;C:\Windows\system32;SRV*C:\websymbols*http://msdl.microsoft.com/download/symbols;', symOptions: 530, UserName: 'Haylee'
OS-Version: 10.0.16299 () 0x300-0x1
d:\_projects_node\gw2emotewheel\node_modules\segfault-handler\src\stackwalker.cpp (941): StackWalker::ShowCallstack
d:\_projects_node\gw2emotewheel\node_modules\segfault-handler\src\segfault-handler.cpp (116): segfault_handler
00007FF9B698F172 (ntdll): (filename not available): RtlUserThreadStart
00007FF9B693CF8B (ntdll): (filename not available): RtlWalkFrameChain
00007FF9B69C3FEE (ntdll): (filename not available): KiUserExceptionDispatcher
00007FF9B693FBE6 (ntdll): (filename not available): RtlImageNtHeaderEx
00007FF9B6940E8D (ntdll): (filename not available): RtlEnterCriticalSection
00007FF9B693A114 (ntdll): (filename not available): LdrRscIsTypeExist
00007FF9B693A06D (ntdll): (filename not available): LdrRscIsTypeExist
00007FF9B693ABA2 (ntdll): (filename not available): LdrRscIsTypeExist
00007FF9B6938FEE (ntdll): (filename not available): LdrFindResource_U
00007FF9B2E67E55 (KERNELBASE): (filename not available): FindResourceExW
00007FF9B3F6F0B6 (USER32): (filename not available): AdjustWindowRectEx
00007FF9B3F6EEE7 (USER32): (filename not available): AdjustWindowRectEx
00007FF9B3F6D61F (USER32): (filename not available): LoadCursorW
00007FF9B3F717E7 (USER32): (filename not available): CopyImage
00007FF9B3F71434 (USER32): (filename not available): ReleaseDC
00007FF9B3F716E6 (USER32): (filename not available): CopyImage
00007FF9B3F89559 (USER32): (filename not available): wvsprintfW
00007FF9B69C3F94 (ntdll): (filename not available): KiUserCallbackDispatcher
00007FF9B30B1164 (win32u): (filename not available): NtUserMessageCall
00007FF9B3F69F52 (USER32): (filename not available): GetWindowTextW
00007FF9B3F69782 (USER32): (filename not available): ClientToScreen
00007FF9B1444202 (UxTheme): (filename not available): Ordinal119
00007FF9B14420DA (UxTheme): (filename not available): GetThemeEnumValue
00007FF9B144B5EE (UxTheme): (filename not available): Ordinal119
00007FF9B1449EA1 (UxTheme): (filename not available): Ordinal119
00007FF9B3F69C97 (USER32): (filename not available): GetWindowTextW
00007FF9B3F679C8 (USER32): (filename not available): SetWindowTextW
00007FF9B3F67826 (USER32): (filename not available): SetWindowTextW
00007FF9B3F6B85D (USER32): (filename not available): CallWindowProcW
00007FF9B3F6ADE0 (USER32): (filename not available): SendMessageW
00007FF9B3F6AB88 (USER32): (filename not available): SendMessageW
00007FF9A1E268EF (COMCTL32): (filename not available): Ordinal384
00007FF9A1E25E19 (COMCTL32): (filename not available): Ordinal384
00007FF9A1E25B10 (COMCTL32): (filename not available): Ordinal384
00007FF9A1E21574 (COMCTL32): (filename not available): Ordinal384
00007FF9A1E264BA (COMCTL32): (filename not available): Ordinal384
00007FF9A1E22BB4 (COMCTL32): (filename not available): Ordinal384
00007FF9A1E275A9 (COMCTL32): (filename not available): Ordinal384
00007FF9B3F676F1 (USER32): (filename not available): SetWindowTextW
00007FF9B3F6790D (USER32): (filename not available): SetWindowTextW
00007FF9B3F67826 (USER32): (filename not available): SetWindowTextW
00007FF9B3F6B85D (USER32): (filename not available): CallWindowProcW
00007FF9B3F6ADE0 (USER32): (filename not available): SendMessageW
00007FF9B3F7C311 (USER32): (filename not available): CreateWindowInBandEx
00007FF9B3F8B6F4 (USER32): (filename not available): DialogBoxIndirectParamAorW
00007FF9B3F8B5D2 (USER32): (filename not available): DialogBoxIndirectParamAorW
00007FF9B3F8B568 (USER32): (filename not available): DialogBoxIndirectParamW
00007FF9A1EFCE66 (COMCTL32): (filename not available): Ordinal234
00007FF9A1E26A4B (COMCTL32): (filename not available): Ordinal384
00007FF7E1FC6E53 (electron): (filename not available): (function-name not available)
00007FF7E1FC7E4B (electron): (filename not available): (function-name not available)
00007FF7E1F25429 (electron): (filename not available): (function-name not available)
00007FF984B99F20 (node): (filename not available): v8::internal::compiler::CommonOperatorBuilder::CreateFrameStateFunctionInfo
00007FF984AD2623 (node): (filename not available): icu_58::Collator::safeClone
00007FF984AD1521 (node): (filename not available): icu_58::Collator::safeClone
00007FF984AD140B (node): (filename not available): icu_58::Collator::safeClone
000000266FC84421 ((module-name not available)): (filename not available): (function-name not available)
PID 2256 received SIGSEGV for address: 0xb2e54008
SymInit: Symbol-SearchPath: '.;D:\_Projects_Node\GW2EmoteWheel;D:\_Projects_Node\GW2EmoteWheel\node_modules\electron\dist;C:\Windows;C:\Windows\system32;SRV*C:\websymbols*http://msdl.microsoft.com/download/symbols;', symOptions: 530, UserName: 'Haylee'
OS-Version: 10.0.16299 () 0x300-0x1
d:\_projects_node\gw2emotewheel\node_modules\segfault-handler\src\stackwalker.cpp (941): StackWalker::ShowCallstack
d:\_projects_node\gw2emotewheel\node_modules\segfault-handler\src\segfault-handler.cpp (116): segfault_handler
00007FF9B698F172 (ntdll): (filename not available): RtlUserThreadStart
00007FF9B693CF8B (ntdll): (filename not available): RtlWalkFrameChain
00007FF9B693B6E3 (ntdll): (filename not available): RtlRaiseException
00007FF9B2E54008 (KERNELBASE): (filename not available): RaiseException
00007FF9B4827E2B (RPCRT4): (filename not available): RpcRaiseException
00007FF9B4827DF4 (RPCRT4): (filename not available): RpcRaiseException
00007FF9B4827DCF (RPCRT4): (filename not available): I_RpcSendReceive
00007FF9B48F6397 (RPCRT4): (filename not available): NdrClientCall3
00007FF9B48F5634 (RPCRT4): (filename not available): NdrClientCall3
00007FF9ACDB436E (wlanapi): (filename not available): WlanQueryVirtualInterfaceType
00007FF7E3DCEE06 (electron): (filename not available): IsSandboxedProcess
00007FF7E3DCF3C4 (electron): (filename not available): IsSandboxedProcess
00007FF7E3E66A65 (electron): (filename not available): IsSandboxedProcess
00007FF7E3E6698C (electron): (filename not available): IsSandboxedProcess
00007FF7E3DDF216 (electron): (filename not available): IsSandboxedProcess
00007FF7E3D62BDB (electron): (filename not available): IsSandboxedProcess
00007FF7E20134B4 (electron): (filename not available): (function-name not available)
00007FF7E35C0AA4 (electron): (filename not available): IsSandboxedProcess
00007FF7E3320C89 (electron): (filename not available): IsSandboxedProcess
00007FF7E1E38F24 (electron): (filename not available): (function-name not available)
00007FF7E20C31B2 (electron): (filename not available): GetHandleVerifier
00007FF7E207E524 (electron): (filename not available): GetHandleVerifier
00007FF7E207EF80 (electron): (filename not available): GetHandleVerifier
00007FF7E20C3F77 (electron): (filename not available): GetHandleVerifier
00007FF7E20C32A4 (electron): (filename not available): GetHandleVerifier
00007FF7E20724D5 (electron): (filename not available): GetHandleVerifier
00007FF7E30ED205 (electron): (filename not available): GetHandleVerifier
00007FF7E30EDB30 (electron): (filename not available): GetHandleVerifier
00007FF7E2097873 (electron): (filename not available): GetHandleVerifier
00007FF7E205A1B6 (electron): (filename not available): GetHandleVerifier
00007FF9B4D71FE4 (KERNEL32): (filename not available): BaseThreadInitThunk
00007FF9B698F061 (ntdll): (filename not available): RtlUserThreadStart
PID 5564 received SIGSEGV for address: 0xb2e54008
SymInit: Symbol-SearchPath: '.;D:\_Projects_Node\GW2EmoteWheel;D:\_Projects_Node\GW2EmoteWheel\node_modules\electron\dist;C:\Windows;C:\Windows\system32;SRV*C:\websymbols*http://msdl.microsoft.com/download/symbols;', symOptions: 530, UserName: 'Haylee'
OS-Version: 10.0.16299 () 0x300-0x1
d:\_projects_node\gw2emotewheel\node_modules\segfault-handler\src\stackwalker.cpp (941): StackWalker::ShowCallstack
d:\_projects_node\gw2emotewheel\node_modules\segfault-handler\src\segfault-handler.cpp (116): segfault_handler
00007FF9B698F172 (ntdll): (filename not available): RtlUserThreadStart
00007FF9B693CF8B (ntdll): (filename not available): RtlWalkFrameChain
00007FF9B693B6E3 (ntdll): (filename not available): RtlRaiseException
00007FF9B2E54008 (KERNELBASE): (filename not available): RaiseException
00007FF9B4827E2B (RPCRT4): (filename not available): RpcRaiseException
00007FF9B4827DF4 (RPCRT4): (filename not available): RpcRaiseException
00007FF9B4827DCF (RPCRT4): (filename not available): I_RpcSendReceive
00007FF9B48F6397 (RPCRT4): (filename not available): NdrClientCall3
00007FF9B48F5634 (RPCRT4): (filename not available): NdrClientCall3
00007FF9ACDB436E (wlanapi): (filename not available): WlanQueryVirtualInterfaceType
00007FF7E3DCEE06 (electron): (filename not available): IsSandboxedProcess
00007FF7E3DCF3C4 (electron): (filename not available): IsSandboxedProcess
00007FF7E3E66A65 (electron): (filename not available): IsSandboxedProcess
00007FF7E3E6698C (electron): (filename not available): IsSandboxedProcess
00007FF7E3DDF216 (electron): (filename not available): IsSandboxedProcess
00007FF7E3D62BDB (electron): (filename not available): IsSandboxedProcess
00007FF7E20134B4 (electron): (filename not available): (function-name not available)
00007FF7E35C0AA4 (electron): (filename not available): IsSandboxedProcess
00007FF7E3320C89 (electron): (filename not available): IsSandboxedProcess
00007FF7E1E38F24 (electron): (filename not available): (function-name not available)
00007FF7E20C31B2 (electron): (filename not available): GetHandleVerifier
00007FF7E207E524 (electron): (filename not available): GetHandleVerifier
00007FF7E207EF80 (electron): (filename not available): GetHandleVerifier
00007FF7E20C3F77 (electron): (filename not available): GetHandleVerifier
00007FF7E20C32A4 (electron): (filename not available): GetHandleVerifier
00007FF7E20724D5 (electron): (filename not available): GetHandleVerifier
00007FF7E30ED205 (electron): (filename not available): GetHandleVerifier
00007FF7E30EDB30 (electron): (filename not available): GetHandleVerifier
00007FF7E2097873 (electron): (filename not available): GetHandleVerifier
00007FF7E205A1B6 (electron): (filename not available): GetHandleVerifier
00007FF9B4D71FE4 (KERNEL32): (filename not available): BaseThreadInitThunk
00007FF9B698F061 (ntdll): (filename not available): RtlUserThreadStart
PID 8476 received SIGSEGV for address: 0xb2e54008
SymInit: Symbol-SearchPath: '.;D:\_Projects_Node\GW2EmoteWheel;D:\_Projects_Node\GW2EmoteWheel\node_modules\electron\dist;C:\Windows;C:\Windows\system32;SRV*C:\websymbols*http://msdl.microsoft.com/download/symbols;', symOptions: 530, UserName: 'Haylee'
OS-Version: 10.0.16299 () 0x300-0x1
d:\_projects_node\gw2emotewheel\node_modules\segfault-handler\src\stackwalker.cpp (941): StackWalker::ShowCallstack
d:\_projects_node\gw2emotewheel\node_modules\segfault-handler\src\segfault-handler.cpp (116): segfault_handler
00007FF9B698F172 (ntdll): (filename not available): RtlUserThreadStart
00007FF9B693CF8B (ntdll): (filename not available): RtlWalkFrameChain
00007FF9B693B6E3 (ntdll): (filename not available): RtlRaiseException
00007FF9B2E54008 (KERNELBASE): (filename not available): RaiseException
00007FF9B4827E2B (RPCRT4): (filename not available): RpcRaiseException
00007FF9B4827DF4 (RPCRT4): (filename not available): RpcRaiseException
00007FF9B4827DCF (RPCRT4): (filename not available): I_RpcSendReceive
00007FF9B48F6397 (RPCRT4): (filename not available): NdrClientCall3
00007FF9B48F5634 (RPCRT4): (filename not available): NdrClientCall3
00007FF9ACDB436E (wlanapi): (filename not available): WlanQueryVirtualInterfaceType
00007FF7E3DCEE06 (electron): (filename not available): IsSandboxedProcess
00007FF7E3DCF3C4 (electron): (filename not available): IsSandboxedProcess
00007FF7E3E66A65 (electron): (filename not available): IsSandboxedProcess
00007FF7E3E6698C (electron): (filename not available): IsSandboxedProcess
00007FF7E3DDF216 (electron): (filename not available): IsSandboxedProcess
00007FF7E3D62BDB (electron): (filename not available): IsSandboxedProcess
00007FF7E20134B4 (electron): (filename not available): (function-name not available)
00007FF7E35C0AA4 (electron): (filename not available): IsSandboxedProcess
00007FF7E3320C89 (electron): (filename not available): IsSandboxedProcess
00007FF7E1E38F24 (electron): (filename not available): (function-name not available)
00007FF7E20C31B2 (electron): (filename not available): GetHandleVerifier
00007FF7E207E524 (electron): (filename not available): GetHandleVerifier
00007FF7E207EF80 (electron): (filename not available): GetHandleVerifier
00007FF7E20C3F77 (electron): (filename not available): GetHandleVerifier
00007FF7E20C32A4 (electron): (filename not available): GetHandleVerifier
00007FF7E20724D5 (electron): (filename not available): GetHandleVerifier
00007FF7E30ED205 (electron): (filename not available): GetHandleVerifier
00007FF7E30EDB30 (electron): (filename not available): GetHandleVerifier
00007FF7E2097873 (electron): (filename not available): GetHandleVerifier
00007FF7E205A1B6 (electron): (filename not available): GetHandleVerifier
00007FF9B4D71FE4 (KERNEL32): (filename not available): BaseThreadInitThunk
00007FF9B698F061 (ntdll): (filename not available): RtlUserThreadStart
PID 1220 received SIGSEGV for address: 0xb2e54008
SymInit: Symbol-SearchPath: '.;D:\_Projects_Node\GW2EmoteWheel;D:\_Projects_Node\GW2EmoteWheel\node_modules\electron\dist;C:\Windows;C:\Windows\system32;SRV*C:\websymbols*http://msdl.microsoft.com/download/symbols;', symOptions: 530, UserName: 'Haylee'
OS-Version: 10.0.16299 () 0x300-0x1
d:\_projects_node\gw2emotewheel\node_modules\segfault-handler\src\stackwalker.cpp (941): StackWalker::ShowCallstack
d:\_projects_node\gw2emotewheel\node_modules\segfault-handler\src\segfault-handler.cpp (116): segfault_handler
00007FF9B698F172 (ntdll): (filename not available): RtlUserThreadStart
00007FF9B693CF8B (ntdll): (filename not available): RtlWalkFrameChain
00007FF9B693B6E3 (ntdll): (filename not available): RtlRaiseException
00007FF9B2E54008 (KERNELBASE): (filename not available): RaiseException
00007FF9B4827E2B (RPCRT4): (filename not available): RpcRaiseException
00007FF9B4827DF4 (RPCRT4): (filename not available): RpcRaiseException
00007FF9B4827DCF (RPCRT4): (filename not available): I_RpcSendReceive
00007FF9B48F6397 (RPCRT4): (filename not available): NdrClientCall3
00007FF9B48F5634 (RPCRT4): (filename not available): NdrClientCall3
00007FF9ACDB436E (wlanapi): (filename not available): WlanQueryVirtualInterfaceType
00007FF7E3DCEE06 (electron): (filename not available): IsSandboxedProcess
00007FF7E3DCF3C4 (electron): (filename not available): IsSandboxedProcess
00007FF7E3E66A65 (electron): (filename not available): IsSandboxedProcess
00007FF7E3E6698C (electron): (filename not available): IsSandboxedProcess
00007FF7E3DDF216 (electron): (filename not available): IsSandboxedProcess
00007FF7E3D62BDB (electron): (filename not available): IsSandboxedProcess
00007FF7E20134B4 (electron): (filename not available): (function-name not available)
00007FF7E35C0AA4 (electron): (filename not available): IsSandboxedProcess
00007FF7E3320C89 (electron): (filename not available): IsSandboxedProcess
00007FF7E1E38F24 (electron): (filename not available): (function-name not available)
00007FF7E20C31B2 (electron): (filename not available): GetHandleVerifier
00007FF7E207E524 (electron): (filename not available): GetHandleVerifier
00007FF7E207EF80 (electron): (filename not available): GetHandleVerifier
00007FF7E20C3F77 (electron): (filename not available): GetHandleVerifier
00007FF7E20C32A4 (electron): (filename not available): GetHandleVerifier
00007FF7E20724D5 (electron): (filename not available): GetHandleVerifier
00007FF7E30ED205 (electron): (filename not available): GetHandleVerifier
00007FF7E30EDB30 (electron): (filename not available): GetHandleVerifier
00007FF7E2097873 (electron): (filename not available): GetHandleVerifier
00007FF7E205A1B6 (electron): (filename not available): GetHandleVerifier
00007FF9B4D71FE4 (KERNEL32): (filename not available): BaseThreadInitThunk
00007FF9B698F061 (ntdll): (filename not available): RtlUserThreadStart
PID 13252 received SIGSEGV for address: 0xb2e54008
SymInit: Symbol-SearchPath: '.;D:\_Projects_Node\GW2EmoteWheel;D:\_Projects_Node\GW2EmoteWheel\node_modules\electron\dist;C:\Windows;C:\Windows\system32;SRV*C:\websymbols*http://msdl.microsoft.com/download/symbols;', symOptions: 530, UserName: 'Haylee'
OS-Version: 10.0.16299 () 0x300-0x1
d:\_projects_node\gw2emotewheel\node_modules\segfault-handler\src\stackwalker.cpp (941): StackWalker::ShowCallstack
d:\_projects_node\gw2emotewheel\node_modules\segfault-handler\src\segfault-handler.cpp (116): segfault_handler
00007FF9B698F172 (ntdll): (filename not available): RtlUserThreadStart
00007FF9B693CF8B (ntdll): (filename not available): RtlWalkFrameChain
00007FF9B693B6E3 (ntdll): (filename not available): RtlRaiseException
00007FF9B2E54008 (KERNELBASE): (filename not available): RaiseException
00007FF9B4827E2B (RPCRT4): (filename not available): RpcRaiseException
00007FF9B4827DF4 (RPCRT4): (filename not available): RpcRaiseException
00007FF9B4827DCF (RPCRT4): (filename not available): I_RpcSendReceive
00007FF9B48F6397 (RPCRT4): (filename not available): NdrClientCall3
00007FF9B48F5634 (RPCRT4): (filename not available): NdrClientCall3
00007FF9ACDB436E (wlanapi): (filename not available): WlanQueryVirtualInterfaceType
00007FF7E3DCEE06 (electron): (filename not available): IsSandboxedProcess
00007FF7E3DCF3C4 (electron): (filename not available): IsSandboxedProcess
00007FF7E3E66A65 (electron): (filename not available): IsSandboxedProcess
00007FF7E3E6698C (electron): (filename not available): IsSandboxedProcess
00007FF7E3DDF216 (electron): (filename not available): IsSandboxedProcess
00007FF7E3D62BDB (electron): (filename not available): IsSandboxedProcess
00007FF7E20134B4 (electron): (filename not available): (function-name not available)
00007FF7E35C0AA4 (electron): (filename not available): IsSandboxedProcess
00007FF7E3320C89 (electron): (filename not available): IsSandboxedProcess
00007FF7E1E38F24 (electron): (filename not available): (function-name not available)
00007FF7E20C31B2 (electron): (filename not available): GetHandleVerifier
00007FF7E207E524 (electron): (filename not available): GetHandleVerifier
00007FF7E207EF80 (electron): (filename not available): GetHandleVerifier
00007FF7E20C3F77 (electron): (filename not available): GetHandleVerifier
00007FF7E20C32A4 (electron): (filename not available): GetHandleVerifier
00007FF7E20724D5 (electron): (filename not available): GetHandleVerifier
00007FF7E30ED205 (electron): (filename not available): GetHandleVerifier
00007FF7E30EDB30 (electron): (filename not available): GetHandleVerifier
00007FF7E2097873 (electron): (filename not available): GetHandleVerifier
00007FF7E205A1B6 (electron): (filename not available): GetHandleVerifier
00007FF9B4D71FE4 (KERNEL32): (filename not available): BaseThreadInitThunk
00007FF9B698F061 (ntdll): (filename not available): RtlUserThreadStart
PID 2832 received SIGSEGV for address: 0xb2e54008
SymInit: Symbol-SearchPath: '.;D:\_Projects_Node\GW2EmoteWheel;D:\_Projects_Node\GW2EmoteWheel\node_modules\electron\dist;C:\Windows;C:\Windows\system32;SRV*C:\websymbols*http://msdl.microsoft.com/download/symbols;', symOptions: 530, UserName: 'Haylee'
OS-Version: 10.0.16299 () 0x300-0x1
d:\_projects_node\gw2emotewheel\node_modules\segfault-handler\src\stackwalker.cpp (941): StackWalker::ShowCallstack
d:\_projects_node\gw2emotewheel\node_modules\segfault-handler\src\segfault-handler.cpp (116): segfault_handler
00007FF9B698F172 (ntdll): (filename not available): RtlUserThreadStart
00007FF9B693CF8B (ntdll): (filename not available): RtlWalkFrameChain
00007FF9B693B6E3 (ntdll): (filename not available): RtlRaiseException
00007FF9B2E54008 (KERNELBASE): (filename not available): RaiseException
00007FF9B4827E2B (RPCRT4): (filename not available): RpcRaiseException
00007FF9B4827DF4 (RPCRT4): (filename not available): RpcRaiseException
00007FF9B4827DCF (RPCRT4): (filename not available): I_RpcSendReceive
00007FF9B48F6397 (RPCRT4): (filename not available): NdrClientCall3
00007FF9B48F5634 (RPCRT4): (filename not available): NdrClientCall3
00007FF9ACDB436E (wlanapi): (filename not available): WlanQueryVirtualInterfaceType
00007FF7E3DCEE06 (electron): (filename not available): IsSandboxedProcess
00007FF7E3DCF3C4 (electron): (filename not available): IsSandboxedProcess
00007FF7E3E66A65 (electron): (filename not available): IsSandboxedProcess
00007FF7E3E6698C (electron): (filename not available): IsSandboxedProcess
00007FF7E3DDF216 (electron): (filename not available): IsSandboxedProcess
00007FF7E3D62BDB (electron): (filename not available): IsSandboxedProcess
00007FF7E20134B4 (electron): (filename not available): (function-name not available)
00007FF7E35C0AA4 (electron): (filename not available): IsSandboxedProcess
00007FF7E3320C89 (electron): (filename not available): IsSandboxedProcess
00007FF7E1E38F24 (electron): (filename not available): (function-name not available)
00007FF7E20C31B2 (electron): (filename not available): GetHandleVerifier
00007FF7E207E524 (electron): (filename not available): GetHandleVerifier
00007FF7E207EF80 (electron): (filename not available): GetHandleVerifier
00007FF7E20C3F77 (electron): (filename not available): GetHandleVerifier
00007FF7E20C32A4 (electron): (filename not available): GetHandleVerifier
00007FF7E20724D5 (electron): (filename not available): GetHandleVerifier
00007FF7E30ED205 (electron): (filename not available): GetHandleVerifier
00007FF7E30EDB30 (electron): (filename not available): GetHandleVerifier
00007FF7E2097873 (electron): (filename not available): GetHandleVerifier
00007FF7E205A1B6 (electron): (filename not available): GetHandleVerifier
00007FF9B4D71FE4 (KERNEL32): (filename not available): BaseThreadInitThunk
00007FF9B698F061 (ntdll): (filename not available): RtlUserThreadStart
PID 1448 received SIGSEGV for address: 0xb2e54008
SymInit: Symbol-SearchPath: '.;D:\_Projects_Node\GW2EmoteWheel;D:\_Projects_Node\GW2EmoteWheel\node_modules\electron\dist;C:\Windows;C:\Windows\system32;SRV*C:\websymbols*http://msdl.microsoft.com/download/symbols;', symOptions: 530, UserName: 'Haylee'
OS-Version: 10.0.16299 () 0x300-0x1
d:\_projects_node\gw2emotewheel\node_modules\segfault-handler\src\stackwalker.cpp (941): StackWalker::ShowCallstack
d:\_projects_node\gw2emotewheel\node_modules\segfault-handler\src\segfault-handler.cpp (116): segfault_handler
00007FF9B698F172 (ntdll): (filename not available): RtlUserThreadStart
00007FF9B693CF8B (ntdll): (filename not available): RtlWalkFrameChain
00007FF9B693B6E3 (ntdll): (filename not available): RtlRaiseException
00007FF9B2E54008 (KERNELBASE): (filename not available): RaiseException
00007FF9B4827E2B (RPCRT4): (filename not available): RpcRaiseException
00007FF9B4827DF4 (RPCRT4): (filename not available): RpcRaiseException
00007FF9B4827DCF (RPCRT4): (filename not available): I_RpcSendReceive
00007FF9B48F6397 (RPCRT4): (filename not available): NdrClientCall3
00007FF9B48F5634 (RPCRT4): (filename not available): NdrClientCall3
00007FF9ACDB436E (wlanapi): (filename not available): WlanQueryVirtualInterfaceType
00007FF7E3DCEE06 (electron): (filename not available): IsSandboxedProcess
00007FF7E3DCF3C4 (electron): (filename not available): IsSandboxedProcess
00007FF7E3E66A65 (electron): (filename not available): IsSandboxedProcess
00007FF7E3E6698C (electron): (filename not available): IsSandboxedProcess
00007FF7E3DDF216 (electron): (filename not available): IsSandboxedProcess
00007FF7E3D62BDB (electron): (filename not available): IsSandboxedProcess
00007FF7E20134B4 (electron): (filename not available): (function-name not available)
00007FF7E35C0AA4 (electron): (filename not available): IsSandboxedProcess
00007FF7E3320C89 (electron): (filename not available): IsSandboxedProcess
00007FF7E1E38F24 (electron): (filename not available): (function-name not available)
00007FF7E20C31B2 (electron): (filename not available): GetHandleVerifier
00007FF7E207E524 (electron): (filename not available): GetHandleVerifier
00007FF7E207EF80 (electron): (filename not available): GetHandleVerifier
00007FF7E20C3F77 (electron): (filename not available): GetHandleVerifier
00007FF7E20C32A4 (electron): (filename not available): GetHandleVerifier
00007FF7E20724D5 (electron): (filename not available): GetHandleVerifier
00007FF7E30ED205 (electron): (filename not available): GetHandleVerifier
00007FF7E30EDB30 (electron): (filename not available): GetHandleVerifier
00007FF7E2097873 (electron): (filename not available): GetHandleVerifier
00007FF7E205A1B6 (electron): (filename not available): GetHandleVerifier
00007FF9B4D71FE4 (KERNEL32): (filename not available): BaseThreadInitThunk
00007FF9B698F061 (ntdll): (filename not available): RtlUserThreadStart
PID 10012 received SIGSEGV for address: 0xb2e54008
SymInit: Symbol-SearchPath: '.;D:\_Projects_Node\GW2EmoteWheel;D:\_Projects_Node\GW2EmoteWheel\node_modules\electron\dist;C:\Windows;C:\Windows\system32;SRV*C:\websymbols*http://msdl.microsoft.com/download/symbols;', symOptions: 530, UserName: 'Haylee'
OS-Version: 10.0.16299 () 0x300-0x1
d:\_projects_node\gw2emotewheel\node_modules\segfault-handler\src\stackwalker.cpp (941): StackWalker::ShowCallstack
d:\_projects_node\gw2emotewheel\node_modules\segfault-handler\src\segfault-handler.cpp (116): segfault_handler
00007FF9B698F172 (ntdll): (filename not available): RtlUserThreadStart
00007FF9B693CF8B (ntdll): (filename not available): RtlWalkFrameChain
00007FF9B693B6E3 (ntdll): (filename not available): RtlRaiseException
00007FF9B2E54008 (KERNELBASE): (filename not available): RaiseException
00007FF9B4827E2B (RPCRT4): (filename not available): RpcRaiseException
00007FF9B4827DF4 (RPCRT4): (filename not available): RpcRaiseException
00007FF9B4827DCF (RPCRT4): (filename not available): I_RpcSendReceive
00007FF9B48F6397 (RPCRT4): (filename not available): NdrClientCall3
00007FF9B48F5634 (RPCRT4): (filename not available): NdrClientCall3
00007FF9ACDB436E (wlanapi): (filename not available): WlanQueryVirtualInterfaceType
00007FF7E3DCEE06 (electron): (filename not available): IsSandboxedProcess
00007FF7E3DCF3C4 (electron): (filename not available): IsSandboxedProcess
00007FF7E3E66A65 (electron): (filename not available): IsSandboxedProcess
00007FF7E3E6698C (electron): (filename not available): IsSandboxedProcess
00007FF7E3DDF216 (electron): (filename not available): IsSandboxedProcess
00007FF7E3D62BDB (electron): (filename not available): IsSandboxedProcess
00007FF7E20134B4 (electron): (filename not available): (function-name not available)
00007FF7E35C0AA4 (electron): (filename not available): IsSandboxedProcess
00007FF7E3320C89 (electron): (filename not available): IsSandboxedProcess
00007FF7E1E38F24 (electron): (filename not available): (function-name not available)
00007FF7E20C31B2 (electron): (filename not available): GetHandleVerifier
00007FF7E207E524 (electron): (filename not available): GetHandleVerifier
00007FF7E207EF80 (electron): (filename not available): GetHandleVerifier
00007FF7E20C3F77 (electron): (filename not available): GetHandleVerifier
00007FF7E20C32A4 (electron): (filename not available): GetHandleVerifier
00007FF7E20724D5 (electron): (filename not available): GetHandleVerifier
00007FF7E30ED205 (electron): (filename not available): GetHandleVerifier
00007FF7E30EDB30 (electron): (filename not available): GetHandleVerifier
00007FF7E2097873 (electron): (filename not available): GetHandleVerifier
00007FF7E205A1B6 (electron): (filename not available): GetHandleVerifier
00007FF9B4D71FE4 (KERNEL32): (filename not available): BaseThreadInitThunk
00007FF9B698F061 (ntdll): (filename not available): RtlUserThreadStart
PID 16280 received SIGSEGV for address: 0xb2e54008
SymInit: Symbol-SearchPath: '.;D:\_Projects_Node\GW2EmoteWheel;D:\_Projects_Node\GW2EmoteWheel\node_modules\electron\dist;C:\Windows;C:\Windows\system32;SRV*C:\websymbols*http://msdl.microsoft.com/download/symbols;', symOptions: 530, UserName: 'Haylee'
OS-Version: 10.0.16299 () 0x300-0x1
d:\_projects_node\gw2emotewheel\node_modules\segfault-handler\src\stackwalker.cpp (941): StackWalker::ShowCallstack
d:\_projects_node\gw2emotewheel\node_modules\segfault-handler\src\segfault-handler.cpp (116): segfault_handler
00007FF9B698F172 (ntdll): (filename not available): RtlUserThreadStart
00007FF9B693CF8B (ntdll): (filename not available): RtlWalkFrameChain
00007FF9B693B6E3 (ntdll): (filename not available): RtlRaiseException
00007FF9B2E54008 (KERNELBASE): (filename not available): RaiseException
00007FF9B4827E2B (RPCRT4): (filename not available): RpcRaiseException
00007FF9B4827DF4 (RPCRT4): (filename not available): RpcRaiseException
00007FF9B4827DCF (RPCRT4): (filename not available): I_RpcSendReceive
00007FF9B48F6397 (RPCRT4): (filename not available): NdrClientCall3
00007FF9B48F5634 (RPCRT4): (filename not available): NdrClientCall3
00007FF9ACDB436E (wlanapi): (filename not available): WlanQueryVirtualInterfaceType
00007FF7E3DCEE06 (electron): (filename not available): IsSandboxedProcess
00007FF7E3DCF3C4 (electron): (filename not available): IsSandboxedProcess
00007FF7E3E66A65 (electron): (filename not available): IsSandboxedProcess
00007FF7E3E6698C (electron): (filename not available): IsSandboxedProcess
00007FF7E3DDF216 (electron): (filename not available): IsSandboxedProcess
00007FF7E3D62BDB (electron): (filename not available): IsSandboxedProcess
00007FF7E20134B4 (electron): (filename not available): (function-name not available)
00007FF7E35C0AA4 (electron): (filename not available): IsSandboxedProcess
00007FF7E3320C89 (electron): (filename not available): IsSandboxedProcess
00007FF7E1E38F24 (electron): (filename not available): (function-name not available)
00007FF7E20C31B2 (electron): (filename not available): GetHandleVerifier
00007FF7E207E524 (electron): (filename not available): GetHandleVerifier
00007FF7E207EF80 (electron): (filename not available): GetHandleVerifier
00007FF7E20C3F77 (electron): (filename not available): GetHandleVerifier
00007FF7E20C32A4 (electron): (filename not available): GetHandleVerifier
00007FF7E20724D5 (electron): (filename not available): GetHandleVerifier
00007FF7E30ED205 (electron): (filename not available): GetHandleVerifier
00007FF7E30EDB30 (electron): (filename not available): GetHandleVerifier
00007FF7E2097873 (electron): (filename not available): GetHandleVerifier
00007FF7E205A1B6 (electron): (filename not available): GetHandleVerifier
00007FF9B4D71FE4 (KERNEL32): (filename not available): BaseThreadInitThunk
00007FF9B698F061 (ntdll): (filename not available): RtlUserThreadStart
